15:28:31.206 [sandbox-akka.actor.default-dispatcher-6] INFO  akka.event.slf4j.Slf4jLogger - Slf4jLogger started 
15:28:36.910 [scala-execution-context-global-76] ERROR com.daml.resources.ProgramResource - Shutting down because of an initialization error. 
com.daml.platform.apiserver.GrpcServer$UnableToBind: The API server was unable to bind to port 6865. Terminate the process occupying the port, or choose a different one.
Caused by: java.net.BindException: Address already in use: bind
	at sun.nio.ch.Net.bind0(Native Method)
	at sun.nio.ch.Net.bind(Net.java:433)
	at sun.nio.ch.Net.bind(Net.java:425)
	at sun.nio.ch.ServerSocketChannelImpl.bind(ServerSocketChannelImpl.java:223)
	at io.netty.channel.socket.nio.NioServerSocketChannel.doBind(NioServerSocketChannel.java:134)
	at io.netty.channel.AbstractChannel$AbstractUnsafe.bind(AbstractChannel.java:550)
	at io.netty.channel.DefaultChannelPipeline$HeadContext.bind(DefaultChannelPipeline.java:1334)
	at io.netty.channel.AbstractChannelHandlerContext.invokeBind(AbstractChannelHandlerContext.java:506)
	at io.netty.channel.AbstractChannelHandlerContext.bind(AbstractChannelHandlerContext.java:491)
	at io.netty.channel.DefaultChannelPipeline.bind(DefaultChannelPipeline.java:973)
	at io.netty.channel.AbstractChannel.bind(AbstractChannel.java:248)
	at io.netty.bootstrap.AbstractBootstrap$2.run(AbstractBootstrap.java:356)
	at io.netty.util.concurrent.AbstractEventExecutor.safeExecute(AbstractEventExecutor.java:164)
	at io.netty.util.concurrent.SingleThreadEventExecutor.runAllTasks(SingleThreadEventExecutor.java:472)
	at io.netty.channel.nio.NioEventLoop.run(NioEventLoop.java:500)
	at io.netty.util.concurrent.SingleThreadEventExecutor$4.run(SingleThreadEventExecutor.java:989)
	at io.netty.util.internal.ThreadExecutorMap$2.run(ThreadExecutorMap.java:74)
	at io.netty.util.concurrent.FastThreadLocalRunnable.run(FastThreadLocalRunnable.java:30)
	at java.lang.Thread.run(Thread.java:748)
15:29:05.120 [sandbox-akka.actor.default-dispatcher-5] INFO  akka.event.slf4j.Slf4jLogger - Slf4jLogger started 
15:29:10.530 [pool-1-thread-2] INFO  c.d.p.apiserver.LedgerApiServer - Listening on localhost:6865 over plain text. 
15:29:10.565 [pool-1-thread-2] INFO  com.daml.platform.sandboxnext.Runner - Initialized sandbox version 1.12.0 with ledger-id = b9ac7f05-8ecd-4434-8f6f-385d2ae18faa, port = 6865, dar file = List(.daml\dist\7Composing-1.0.0.dar), time mode = wall-clock time, ledger = in-memory, auth-service = AuthServiceWildcard$, contract ids seeding = strong 
